<?xml version="1.0" encoding="UTF-8"?>
<coverage generated="1645661054342" clover="3.2.0">
  <project timestamp="1645661054343" name="All files">
    <metrics statements="6" coveredstatements="3" conditionals="2" coveredconditionals="0" methods="9" coveredmethods="4" elements="17" coveredelements="7" complexity="0" loc="6" ncloc="6" packages="1" files="1" classes="1"/>
    <file name="class-methods.js" path="C:\Users\b.aghaali\Desktop\Microverse\to-do-list-review\src\modules\class-methods.js">
      <metrics statements="6" coveredstatements="3" conditionals="2" coveredconditionals="0" methods="9" coveredmethods="4"/>
      <line num="4" count="2" type="stmt"/>
      <line num="8" count="3" type="stmt"/>
      <line num="12" count="0" type="cond" truecount="0" falsecount="2"/>
      <line num="16" count="2" type="stmt"/>
      <line num="20" count="0" type="stmt"/>
      <line num="24" count="0" type="stmt"/>
    </file>
  </project>
</coverage>
