<?xml version="1.0" encoding="UTF-8"?>
<coverage generated="1645639073278" clover="3.2.0">
  <project timestamp="1645639073278" name="All files">
    <metrics statements="15" coveredstatements="7" conditionals="4" coveredconditionals="0" methods="2" coveredmethods="1" elements="21" coveredelements="8" complexity="0" loc="15" ncloc="15" packages="1" files="1" classes="1"/>
    <file name="addTask.js" path="C:\Users\b.aghaali\Desktop\Microverse\to-do-list-review\src\modules\addTask.js">
      <metrics statements="15" coveredstatements="7" conditionals="4" coveredconditionals="0" methods="2" coveredmethods="1"/>
      <line num="4" count="1" type="stmt"/>
      <line num="5" count="1" type="stmt"/>
      <line num="6" count="1" type="stmt"/>
      <line num="7" count="1" type="stmt"/>
      <line num="9" count="1" type="stmt"/>
      <line num="10" count="0" type="stmt"/>
      <line num="12" count="1" type="stmt"/>
      <line num="13" count="1" type="stmt"/>
      <line num="14" count="0" type="stmt"/>
      <line num="16" count="0" type="cond" truecount="0" falsecount="2"/>
      <line num="17" count="0" type="cond" truecount="0" falsecount="2"/>
      <line num="19" count="0" type="stmt"/>
      <line num="20" count="0" type="stmt"/>
      <line num="21" count="0" type="stmt"/>
      <line num="23" count="0" type="stmt"/>
    </file>
  </project>
</coverage>
