{"C:\\Users\\b.aghaali\\Desktop\\Microverse\\to-do-list-review\\src\\modules\\class-methods.js": {"path":"C:\\Users\\b.aghaali\\Desktop\\Microverse\\to-do-list-review\\src\\modules\\class-methods.js","statementMap":{"0":{"start":{"line":4,"column":4},"end":{"line":4,"column":20}},"1":{"start":{"line":8,"column":4},"end":{"line":8,"column":39}},"2":{"start":{"line":12,"column":4},"end":{"line":12,"column":99}},"3":{"start":{"line":12,"column":43},"end":{"line":12,"column":96}},"4":{"start":{"line":16,"column":4},"end":{"line":16,"column":67}},"5":{"start":{"line":16,"column":45},"end":{"line":16,"column":65}},"6":{"start":{"line":20,"column":4},"end":{"line":20,"column":70}},"7":{"start":{"line":20,"column":45},"end":{"line":20,"column":68}},"8":{"start":{"line":24,"column":4},"end":{"line":24,"column":64}}},"fnMap":{"0":{"name":"(anonymous_0)","decl":{"start":{"line":3,"column":2},"end":{"line":3,"column":3}},"loc":{"start":{"line":3,"column":16},"end":{"line":5,"column":3}},"line":3},"1":{"name":"(anonymous_1)","decl":{"start":{"line":7,"column":2},"end":{"line":7,"column":3}},"loc":{"start":{"line":7,"column":16},"end":{"line":9,"column":3}},"line":7},"2":{"name":"(anonymous_2)","decl":{"start":{"line":11,"column":2},"end":{"line":11,"column":3}},"loc":{"start":{"line":11,"column":24},"end":{"line":13,"column":3}},"line":11},"3":{"name":"(anonymous_3)","decl":{"start":{"line":12,"column":32},"end":{"line":12,"column":33}},"loc":{"start":{"line":12,"column":43},"end":{"line":12,"column":96}},"line":12},"4":{"name":"(anonymous_4)","decl":{"start":{"line":15,"column":2},"end":{"line":15,"column":3}},"loc":{"start":{"line":15,"column":20},"end":{"line":17,"column":3}},"line":15},"5":{"name":"(anonymous_5)","decl":{"start":{"line":16,"column":35},"end":{"line":16,"column":36}},"loc":{"start":{"line":16,"column":45},"end":{"line":16,"column":65}},"line":16},"6":{"name":"(anonymous_6)","decl":{"start":{"line":19,"column":2},"end":{"line":19,"column":3}},"loc":{"start":{"line":19,"column":24},"end":{"line":21,"column":3}},"line":19},"7":{"name":"(anonymous_7)","decl":{"start":{"line":20,"column":35},"end":{"line":20,"column":36}},"loc":{"start":{"line":20,"column":45},"end":{"line":20,"column":68}},"line":20},"8":{"name":"(anonymous_8)","decl":{"start":{"line":23,"column":2},"end":{"line":23,"column":3}},"loc":{"start":{"line":23,"column":21},"end":{"line":25,"column":3}},"line":23}},"branchMap":{"0":{"loc":{"start":{"line":12,"column":43},"end":{"line":12,"column":96}},"type":"cond-expr","locations":[{"start":{"line":12,"column":78},"end":{"line":12,"column":89}},{"start":{"line":12,"column":92},"end":{"line":12,"column":96}}],"line":12}},"s":{"0":6,"1":9,"2":1,"3":1,"4":1,"5":2,"6":1,"7":3,"8":0},"f":{"0":6,"1":9,"2":1,"3":1,"4":1,"5":2,"6":1,"7":3,"8":0},"b":{"0":[1,0]},"_coverageSchema":"1a1c01bbd47fc00a2c39e90264f33305004495a9","hash":"587af4257e408dcb1ec766e3fa6220f44921198a"}
,"C:\\Users\\b.aghaali\\Desktop\\Microverse\\to-do-list-review\\src\\modules\\selectors.js": {"path":"C:\\Users\\b.aghaali\\Desktop\\Microverse\\to-do-list-review\\src\\modules\\selectors.js","statementMap":{"0":{"start":{"line":2,"column":27},"end":{"line":2,"column":58}},"1":{"start":{"line":4,"column":25},"end":{"line":4,"column":62}},"2":{"start":{"line":6,"column":29},"end":{"line":6,"column":67}}},"fnMap":{},"branchMap":{},"s":{"0":1,"1":1,"2":1},"f":{},"b":{},"_coverageSchema":"1a1c01bbd47fc00a2c39e90264f33305004495a9","hash":"ee9c08812621fdf913a47cb95b02abbebe8c8666"}
,"C:\\Users\\b.aghaali\\Desktop\\Microverse\\to-do-list-review\\src\\modules\\ui.js": {"path":"C:\\Users\\b.aghaali\\Desktop\\Microverse\\to-do-list-review\\src\\modules\\ui.js","statementMap":{"0":{"start":{"line":5,"column":14},"end":{"line":5,"column":31}},"1":{"start":{"line":6,"column":16},"end":{"line":6,"column":27}},"2":{"start":{"line":7,"column":21},"end":{"line":7,"column":34}},"3":{"start":{"line":9,"column":11},"end":{"line":9,"column":16}},"4":{"start":{"line":10,"column":27},"end":{"line":10,"column":42}},"5":{"start":{"line":12,"column":23},"end":{"line":15,"column":1}},"6":{"start":{"line":18,"column":43},"end":{"line":18,"column":47}},"7":{"start":{"line":21,"column":2},"end":{"line":21,"column":36}},"8":{"start":{"line":22,"column":2},"end":{"line":22,"column":30}},"9":{"start":{"line":23,"column":2},"end":{"line":23,"column":24}},"10":{"start":{"line":26,"column":2},"end":{"line":26,"column":32}},"11":{"start":{"line":28,"column":2},"end":{"line":28,"column":14}},"12":{"start":{"line":32,"column":2},"end":{"line":34,"column":3}},"13":{"start":{"line":33,"column":4},"end":{"line":33,"column":52}},"14":{"start":{"line":36,"column":2},"end":{"line":47,"column":5}},"15":{"start":{"line":37,"column":45},"end":{"line":37,"column":49}},"16":{"start":{"line":39,"column":17},"end":{"line":39,"column":43}},"17":{"start":{"line":40,"column":17},"end":{"line":40,"column":45}},"18":{"start":{"line":42,"column":26},"end":{"line":42,"column":54}},"19":{"start":{"line":43,"column":4},"end":{"line":43,"column":72}},"20":{"start":{"line":44,"column":4},"end":{"line":44,"column":242}},"21":{"start":{"line":46,"column":4},"end":{"line":46,"column":43}},"22":{"start":{"line":51,"column":2},"end":{"line":53,"column":3}},"23":{"start":{"line":52,"column":4},"end":{"line":52,"column":52}},"24":{"start":{"line":57,"column":2},"end":{"line":57,"column":27}},"25":{"start":{"line":61,"column":26},"end":{"line":61,"column":33}},"26":{"start":{"line":63,"column":2},"end":{"line":80,"column":3}},"27":{"start":{"line":64,"column":4},"end":{"line":71,"column":5}},"28":{"start":{"line":65,"column":6},"end":{"line":65,"column":43}},"29":{"start":{"line":67,"column":6},"end":{"line":67,"column":19}},"30":{"start":{"line":69,"column":6},"end":{"line":69,"column":51}},"31":{"start":{"line":70,"column":6},"end":{"line":70,"column":42}},"32":{"start":{"line":73,"column":4},"end":{"line":73,"column":35}},"33":{"start":{"line":75,"column":4},"end":{"line":75,"column":27}},"34":{"start":{"line":77,"column":4},"end":{"line":77,"column":18}},"35":{"start":{"line":79,"column":4},"end":{"line":79,"column":25}},"36":{"start":{"line":84,"column":2},"end":{"line":84,"column":33}}},"fnMap":{"0":{"name":"enableEdition","decl":{"start":{"line":17,"column":16},"end":{"line":17,"column":29}},"loc":{"start":{"line":17,"column":36},"end":{"line":29,"column":1}},"line":17},"1":{"name":"printTask","decl":{"start":{"line":31,"column":16},"end":{"line":31,"column":25}},"loc":{"start":{"line":31,"column":37},"end":{"line":48,"column":1}},"line":31},"2":{"name":"(anonymous_2)","decl":{"start":{"line":36,"column":16},"end":{"line":36,"column":17}},"loc":{"start":{"line":36,"column":26},"end":{"line":47,"column":3}},"line":36},"3":{"name":"cleanHTML","decl":{"start":{"line":50,"column":16},"end":{"line":50,"column":25}},"loc":{"start":{"line":50,"column":28},"end":{"line":54,"column":1}},"line":50},"4":{"name":"resetObject","decl":{"start":{"line":56,"column":16},"end":{"line":56,"column":27}},"loc":{"start":{"line":56,"column":30},"end":{"line":58,"column":1}},"line":56},"5":{"name":"newTask","decl":{"start":{"line":60,"column":16},"end":{"line":60,"column":23}},"loc":{"start":{"line":60,"column":27},"end":{"line":81,"column":1}},"line":60},"6":{"name":"changeStatus","decl":{"start":{"line":83,"column":16},"end":{"line":83,"column":28}},"loc":{"start":{"line":83,"column":34},"end":{"line":85,"column":1}},"line":83}},"branchMap":{"0":{"loc":{"start":{"line":39,"column":17},"end":{"line":39,"column":43}},"type":"cond-expr","locations":[{"start":{"line":39,"column":28},"end":{"line":39,"column":33}},{"start":{"line":39,"column":36},"end":{"line":39,"column":43}}],"line":39},"1":{"loc":{"start":{"line":40,"column":17},"end":{"line":40,"column":45}},"type":"cond-expr","locations":[{"start":{"line":40,"column":28},"end":{"line":40,"column":40}},{"start":{"line":40,"column":43},"end":{"line":40,"column":45}}],"line":40},"2":{"loc":{"start":{"line":63,"column":2},"end":{"line":80,"column":3}},"type":"if","locations":[{"start":{"line":63,"column":2},"end":{"line":80,"column":3}},{"start":{},"end":{}}],"line":63},"3":{"loc":{"start":{"line":63,"column":6},"end":{"line":63,"column":45}},"type":"binary-expr","locations":[{"start":{"line":63,"column":6},"end":{"line":63,"column":23}},{"start":{"line":63,"column":27},"end":{"line":63,"column":45}}],"line":63},"4":{"loc":{"start":{"line":64,"column":4},"end":{"line":71,"column":5}},"type":"if","locations":[{"start":{"line":64,"column":4},"end":{"line":71,"column":5}},{"start":{"line":68,"column":11},"end":{"line":71,"column":5}}],"line":64}},"s":{"0":1,"1":1,"2":1,"3":1,"4":1,"5":1,"6":0,"7":0,"8":0,"9":0,"10":0,"11":0,"12":0,"13":0,"14":0,"15":0,"16":0,"17":0,"18":0,"19":0,"20":0,"21":0,"22":0,"23":0,"24":0,"25":0,"26":0,"27":0,"28":0,"29":0,"30":0,"31":0,"32":0,"33":0,"34":0,"35":0,"36":5},"f":{"0":0,"1":0,"2":0,"3":0,"4":0,"5":0,"6":5},"b":{"0":[0,0],"1":[0,0],"2":[0,0],"3":[0,0],"4":[0,0]},"_coverageSchema":"1a1c01bbd47fc00a2c39e90264f33305004495a9","hash":"b0887b76e00f4957cb8703954bdd52dfa1785550"}
}
