{"C:\\Users\\b.aghaali\\Desktop\\Microverse\\to-do-list-review\\src\\modules\\class-methods.js": {"path":"C:\\Users\\b.aghaali\\Desktop\\Microverse\\to-do-list-review\\src\\modules\\class-methods.js","statementMap":{"0":{"start":{"line":4,"column":4},"end":{"line":4,"column":20}},"1":{"start":{"line":8,"column":4},"end":{"line":8,"column":39}},"2":{"start":{"line":12,"column":4},"end":{"line":12,"column":99}},"3":{"start":{"line":12,"column":43},"end":{"line":12,"column":96}},"4":{"start":{"line":16,"column":4},"end":{"line":16,"column":67}},"5":{"start":{"line":16,"column":45},"end":{"line":16,"column":65}},"6":{"start":{"line":20,"column":4},"end":{"line":20,"column":70}},"7":{"start":{"line":20,"column":45},"end":{"line":20,"column":68}},"8":{"start":{"line":24,"column":4},"end":{"line":24,"column":64}}},"fnMap":{"0":{"name":"(anonymous_0)","decl":{"start":{"line":3,"column":2},"end":{"line":3,"column":3}},"loc":{"start":{"line":3,"column":16},"end":{"line":5,"column":3}},"line":3},"1":{"name":"(anonymous_1)","decl":{"start":{"line":7,"column":2},"end":{"line":7,"column":3}},"loc":{"start":{"line":7,"column":16},"end":{"line":9,"column":3}},"line":7},"2":{"name":"(anonymous_2)","decl":{"start":{"line":11,"column":2},"end":{"line":11,"column":3}},"loc":{"start":{"line":11,"column":24},"end":{"line":13,"column":3}},"line":11},"3":{"name":"(anonymous_3)","decl":{"start":{"line":12,"column":32},"end":{"line":12,"column":33}},"loc":{"start":{"line":12,"column":43},"end":{"line":12,"column":96}},"line":12},"4":{"name":"(anonymous_4)","decl":{"start":{"line":15,"column":2},"end":{"line":15,"column":3}},"loc":{"start":{"line":15,"column":20},"end":{"line":17,"column":3}},"line":15},"5":{"name":"(anonymous_5)","decl":{"start":{"line":16,"column":35},"end":{"line":16,"column":36}},"loc":{"start":{"line":16,"column":45},"end":{"line":16,"column":65}},"line":16},"6":{"name":"(anonymous_6)","decl":{"start":{"line":19,"column":2},"end":{"line":19,"column":3}},"loc":{"start":{"line":19,"column":24},"end":{"line":21,"column":3}},"line":19},"7":{"name":"(anonymous_7)","decl":{"start":{"line":20,"column":35},"end":{"line":20,"column":36}},"loc":{"start":{"line":20,"column":45},"end":{"line":20,"column":68}},"line":20},"8":{"name":"(anonymous_8)","decl":{"start":{"line":23,"column":2},"end":{"line":23,"column":3}},"loc":{"start":{"line":23,"column":21},"end":{"line":25,"column":3}},"line":23}},"branchMap":{"0":{"loc":{"start":{"line":12,"column":43},"end":{"line":12,"column":96}},"type":"cond-expr","locations":[{"start":{"line":12,"column":78},"end":{"line":12,"column":89}},{"start":{"line":12,"column":92},"end":{"line":12,"column":96}}],"line":12}},"s":{"0":2,"1":3,"2":0,"3":0,"4":1,"5":2,"6":0,"7":0,"8":0},"f":{"0":2,"1":3,"2":0,"3":0,"4":1,"5":2,"6":0,"7":0,"8":0},"b":{"0":[0,0]},"_coverageSchema":"1a1c01bbd47fc00a2c39e90264f33305004495a9","hash":"587af4257e408dcb1ec766e3fa6220f44921198a"}
}
